<?xml version="1.0" encoding="UTF-8"?>
<!-- Generated by org.testng.reporters.JUnitXMLReporter -->
<testsuite ignored="1" hostname="Admin-PC" failures="1" tests="1" name="Error Validations Test" time="10.758" errors="0" timestamp="2026-04-15T19:04:53 GMT+07:00">
  <testcase classname="AutomationTest.ErrorValicationsTest" name="loginErrorValidation" time="0.019">
    <failure type="java.lang.NullPointerException" message="Cannot invoke &amp;quot;AutomationTest.pageobjects.LandingPage.loginApplication(String, String)&amp;quot; because &amp;quot;this.landingPage&amp;quot; is null">
      <![CDATA[java.lang.NullPointerException: Cannot invoke "AutomationTest.pageobjects.LandingPage.loginApplication(String, String)" because "this.landingPage" is null
at AutomationTest.ErrorValicationsTest.loginErrorValidation(ErrorValicationsTest.java:23)
at java.base/java.util.ArrayList.forEach(ArrayList.java:1596)
at java.base/java.util.concurrent.FutureTask.run(FutureTask.java:317)
at java.base/java.util.concurrent.ThreadPoolExecutor.runWorker(ThreadPoolExecutor.java:1144)
at java.base/java.util.concurrent.ThreadPoolExecutor$Worker.run(ThreadPoolExecutor.java:642)
at java.base/java.lang.Thread.run(Thread.java:1583)
... Removed 15 stack frames]]>
    </failure>
  </testcase> <!-- loginErrorValidation -->
  <testcase classname="AutomationTest.ErrorValicationsTest" name="ProductErrorValidation" time="0.0">
    <ignored/>
  </testcase> <!-- ProductErrorValidation -->
</testsuite> <!-- Error Validations Test -->
