<?xml version="1.0" encoding="UTF-8"?>
<!-- Generated by org.testng.reporters.JUnitXMLReporter -->
<testsuite ignored="0" hostname="Admin-PC" failures="1" tests="3" name="Error Validations Test" time="24.478" errors="0" timestamp="2026-04-20T18:35:00 GMT+07:00">
  <testcase classname="AutomationTest.tests.ErrorValicationsTest" name="ProductErrorValidation" time="2.801"/>
  <testcase classname="AutomationTest.tests.ErrorValicationsTest" name="loginErrorValidation" time="0.726">
    <skipped/>
  </testcase> <!-- loginErrorValidation -->
  <testcase classname="AutomationTest.tests.ErrorValicationsTest" name="loginErrorValidation" time="3.319">
    <failure type="java.lang.AssertionError" message="expected [Login Successfully] but found [Incorrect email or password.]">
      <![CDATA[java.lang.AssertionError: expected [Login Successfully] but found [Incorrect email or password.]
at AutomationTest.tests.ErrorValicationsTest.loginErrorValidation(ErrorValicationsTest.java:22)
at java.base/java.util.ArrayList.forEach(ArrayList.java:1596)
at java.base/java.util.concurrent.FutureTask.run(FutureTask.java:317)
at java.base/java.util.concurrent.ThreadPoolExecutor.runWorker(ThreadPoolExecutor.java:1144)
at java.base/java.util.concurrent.ThreadPoolExecutor$Worker.run(ThreadPoolExecutor.java:642)
at java.base/java.lang.Thread.run(Thread.java:1583)
... Removed 21 stack frames]]>
    </failure>
  </testcase> <!-- loginErrorValidation -->
</testsuite> <!-- Error Validations Test -->
