<?xml version="1.0" encoding="UTF-8"?>
<!-- Generated by org.testng.reporters.JUnitXMLReporter -->
<testsuite ignored="1" hostname="Admin-PC" failures="0" tests="2" name="Submit Order Test" time="18.656" errors="0" timestamp="2026-04-16T16:24:57 GMT+07:00">
  <testcase classname="AutomationTest.tests.SubmitOrderTest" name="submitOrder" time="6.7"/>
  <testcase classname="AutomationTest.tests.SubmitOrderTest" name="submitOrder" time="4.452"/>
  <testcase classname="AutomationTest.tests.SubmitOrderTest" name="OrderHistoryTest" time="0.0">
    <ignored/>
  </testcase> <!-- OrderHistoryTest -->
</testsuite> <!-- Submit Order Test -->
