<?xml version="1.0" encoding="UTF-8"?>
<testng-results ignored="3" total="5" passed="2" failed="0" skipped="0">
  <reporter-output>
  </reporter-output>
  <suite started-at="2026-04-16T16:24:39 GMT+07:00" name="Suite" finished-at="2026-04-16T16:24:57 GMT+07:00" duration-ms="18656">
    <groups>
      <group name="Purchase">
        <method signature="SubmitOrderTest.submitOrder(java.util.HashMap)[pri:0, instance:AutomationTest.tests.SubmitOrderTest@44c03695]" name="submitOrder" class="AutomationTest.tests.SubmitOrderTest"/>
      </group> <!-- Purchase -->
    </groups>
    <test started-at="2026-04-16T16:24:39 GMT+07:00" name="Error Validations Test" finished-at="2026-04-16T16:24:39 GMT+07:00" duration-ms="17">
    </test> <!-- Error Validations Test -->
    <test started-at="2026-04-16T16:24:39 GMT+07:00" name="Submit Order Test" finished-at="2026-04-16T16:24:57 GMT+07:00" duration-ms="18656">
      <class name="AutomationTest.tests.SubmitOrderTest">
        <test-method is-config="true" signature="launchApplication()[pri:0, instance:AutomationTest.tests.SubmitOrderTest@44c03695]" started-at="2026-04-16T16:24:39 GMT+07:00" name="launchApplication" finished-at="2026-04-16T16:24:42 GMT+07:00" duration-ms="2851" status="PASS">
          <reporter-output>
          </reporter-output>
        </test-method> <!-- launchApplication -->
        <test-method signature="submitOrder(java.util.HashMap)[pri:0, instance:AutomationTest.tests.SubmitOrderTest@44c03695]" started-at="2026-04-16T16:24:42 GMT+07:00" name="submitOrder" data-provider="getData" finished-at="2026-04-16T16:24:49 GMT+07:00" duration-ms="6700" status="PASS">
          <params>
            <param index="0">
              <value>
                <![CDATA[{password=Phamhieu@215, product=ZARA COAT 3, email=hieupham@gmail.com}]]>
              </value>
            </param>
          </params>
          <reporter-output>
          </reporter-output>
        </test-method> <!-- submitOrder -->
        <test-method is-config="true" signature="tearDown()[pri:0, instance:AutomationTest.tests.SubmitOrderTest@44c03695]" started-at="2026-04-16T16:24:49 GMT+07:00" name="tearDown" finished-at="2026-04-16T16:24:49 GMT+07:00" duration-ms="197" status="PASS">
          <reporter-output>
          </reporter-output>
        </test-method> <!-- tearDown -->
        <test-method is-config="true" signature="launchApplication()[pri:0, instance:AutomationTest.tests.SubmitOrderTest@44c03695]" started-at="2026-04-16T16:24:49 GMT+07:00" name="launchApplication" finished-at="2026-04-16T16:24:53 GMT+07:00" duration-ms="3939" status="PASS">
          <reporter-output>
          </reporter-output>
        </test-method> <!-- launchApplication -->
        <test-method signature="submitOrder(java.util.HashMap)[pri:0, instance:AutomationTest.tests.SubmitOrderTest@44c03695]" started-at="2026-04-16T16:24:53 GMT+07:00" name="submitOrder" data-provider="getData" finished-at="2026-04-16T16:24:57 GMT+07:00" duration-ms="4452" status="PASS">
          <params>
            <param index="0">
              <value>
                <![CDATA[{password=Nguyenhieu@215, product=ZARA COAT 3, email=hieunguyen@gmail.com}]]>
              </value>
            </param>
          </params>
          <reporter-output>
          </reporter-output>
        </test-method> <!-- submitOrder -->
        <test-method is-config="true" signature="tearDown()[pri:0, instance:AutomationTest.tests.SubmitOrderTest@44c03695]" started-at="2026-04-16T16:24:57 GMT+07:00" name="tearDown" finished-at="2026-04-16T16:24:57 GMT+07:00" duration-ms="142" status="PASS">
          <reporter-output>
          </reporter-output>
        </test-method> <!-- tearDown -->
      </class> <!-- AutomationTest.tests.SubmitOrderTest -->
    </test> <!-- Submit Order Test -->
  </suite> <!-- Suite -->
</testng-results>
