<?xml version="1.0" encoding="UTF-8"?>
<testng-results retried="1" ignored="0" total="6" passed="4" failed="1" skipped="0">
  <reporter-output>
  </reporter-output>
  <suite started-at="2026-04-20T18:34:35 GMT+07:00" name="Suite" finished-at="2026-04-20T18:35:05 GMT+07:00" duration-ms="29683">
    <groups>
      <group name="ErrorHandling">
        <method signature="ErrorValicationsTest.loginErrorValidation()[pri:0, instance:AutomationTest.tests.ErrorValicationsTest@3fce8fd9]" name="loginErrorValidation" class="AutomationTest.tests.ErrorValicationsTest"/>
      </group> <!-- ErrorHandling -->
      <group name="Purchase">
        <method signature="SubmitOrderTest.submitOrder(java.util.HashMap)[pri:0, instance:AutomationTest.tests.SubmitOrderTest@64b0598]" name="submitOrder" class="AutomationTest.tests.SubmitOrderTest"/>
      </group> <!-- Purchase -->
    </groups>
    <test started-at="2026-04-20T18:34:35 GMT+07:00" name="Error Validations Test" finished-at="2026-04-20T18:34:59 GMT+07:00" duration-ms="24478">
      <class name="AutomationTest.tests.ErrorValicationsTest">
        <test-method is-config="true" signature="launchApplication()[pri:0, instance:AutomationTest.tests.ErrorValicationsTest@3fce8fd9]" started-at="2026-04-20T18:34:35 GMT+07:00" name="launchApplication" finished-at="2026-04-20T18:34:44 GMT+07:00" duration-ms="9303" status="PASS">
          <reporter-output>
          </reporter-output>
        </test-method> <!-- launchApplication -->
        <test-method signature="ProductErrorValidation()[pri:0, instance:AutomationTest.tests.ErrorValicationsTest@3fce8fd9]" started-at="2026-04-20T18:34:44 GMT+07:00" name="ProductErrorValidation" finished-at="2026-04-20T18:34:47 GMT+07:00" duration-ms="2801" status="PASS">
          <reporter-output>
          </reporter-output>
        </test-method> <!-- ProductErrorValidation -->
        <test-method is-config="true" signature="tearDown()[pri:0, instance:AutomationTest.tests.ErrorValicationsTest@3fce8fd9]" started-at="2026-04-20T18:34:47 GMT+07:00" name="tearDown" finished-at="2026-04-20T18:34:47 GMT+07:00" duration-ms="186" status="PASS">
          <reporter-output>
          </reporter-output>
        </test-method> <!-- tearDown -->
        <test-method is-config="true" signature="launchApplication()[pri:0, instance:AutomationTest.tests.ErrorValicationsTest@3fce8fd9]" started-at="2026-04-20T18:34:47 GMT+07:00" name="launchApplication" finished-at="2026-04-20T18:34:52 GMT+07:00" duration-ms="4969" status="PASS">
          <reporter-output>
          </reporter-output>
        </test-method> <!-- launchApplication -->
        <test-method retried="true" signature="loginErrorValidation()[pri:0, instance:AutomationTest.tests.ErrorValicationsTest@3fce8fd9]" started-at="2026-04-20T18:34:52 GMT+07:00" name="loginErrorValidation" finished-at="2026-04-20T18:34:53 GMT+07:00" duration-ms="726" status="SKIP">
          <exception class="java.lang.AssertionError">
            <message>
              <![CDATA[expected [Login Successfully] but found [Incorrect email or password.]]]>
            </message>
            <full-stacktrace>
              <![CDATA[java.lang.AssertionError: expected [Login Successfully] but found [Incorrect email or password.]
at org.testng.Assert.fail(Assert.java:111)
at org.testng.Assert.failNotEquals(Assert.java:1590)
at org.testng.Assert.assertEqualsImpl(Assert.java:150)
at org.testng.Assert.assertEquals(Assert.java:132)
at org.testng.Assert.assertEquals(Assert.java:656)
at org.testng.Assert.assertEquals(Assert.java:666)
at AutomationTest.tests.ErrorValicationsTest.loginErrorValidation(ErrorValicationsTest.java:22)
at java.base/jdk.internal.reflect.DirectMethodHandleAccessor.invoke(DirectMethodHandleAccessor.java:103)
at java.base/java.lang.reflect.Method.invoke(Method.java:580)
at org.testng.internal.invokers.MethodInvocationHelper.invokeMethod(MethodInvocationHelper.java:141)
at org.testng.internal.invokers.TestInvoker.invokeMethod(TestInvoker.java:697)
at org.testng.internal.invokers.TestInvoker.invokeTestMethod(TestInvoker.java:230)
at org.testng.internal.invokers.MethodRunner.runInSequence(MethodRunner.java:63)
at org.testng.internal.invokers.TestInvoker$MethodInvocationAgent.invoke(TestInvoker.java:1005)
at org.testng.internal.invokers.TestInvoker.invokeTestMethods(TestInvoker.java:203)
at org.testng.internal.invokers.TestMethodWorker.invokeTestMethods(TestMethodWorker.java:154)
at org.testng.internal.invokers.TestMethodWorker.run(TestMethodWorker.java:134)
at java.base/java.util.ArrayList.forEach(ArrayList.java:1596)
at org.testng.TestRunner.privateRun(TestRunner.java:744)
at org.testng.TestRunner.run(TestRunner.java:616)
at org.testng.SuiteRunner.runTest(SuiteRunner.java:421)
at org.testng.SuiteRunner$SuiteWorker.run(SuiteRunner.java:463)
at org.testng.internal.thread.ThreadUtil.lambda$execute$0(ThreadUtil.java:64)
at java.base/java.util.concurrent.FutureTask.run(FutureTask.java:317)
at java.base/java.util.concurrent.ThreadPoolExecutor.runWorker(ThreadPoolExecutor.java:1144)
at java.base/java.util.concurrent.ThreadPoolExecutor$Worker.run(ThreadPoolExecutor.java:642)
at java.base/java.lang.Thread.run(Thread.java:1583)
]]>
            </full-stacktrace>
          </exception> <!-- java.lang.AssertionError -->
          <reporter-output>
          </reporter-output>
        </test-method> <!-- loginErrorValidation -->
        <test-method is-config="true" signature="tearDown()[pri:0, instance:AutomationTest.tests.ErrorValicationsTest@3fce8fd9]" started-at="2026-04-20T18:34:53 GMT+07:00" name="tearDown" finished-at="2026-04-20T18:34:53 GMT+07:00" duration-ms="132" status="PASS">
          <reporter-output>
          </reporter-output>
        </test-method> <!-- tearDown -->
        <test-method is-config="true" signature="launchApplication()[pri:0, instance:AutomationTest.tests.ErrorValicationsTest@3fce8fd9]" started-at="2026-04-20T18:34:53 GMT+07:00" name="launchApplication" finished-at="2026-04-20T18:34:55 GMT+07:00" duration-ms="1787" status="PASS">
          <reporter-output>
          </reporter-output>
        </test-method> <!-- launchApplication -->
        <test-method signature="loginErrorValidation()[pri:0, instance:AutomationTest.tests.ErrorValicationsTest@3fce8fd9]" started-at="2026-04-20T18:34:55 GMT+07:00" name="loginErrorValidation" finished-at="2026-04-20T18:34:58 GMT+07:00" duration-ms="3319" status="FAIL">
          <exception class="java.lang.AssertionError">
            <message>
              <![CDATA[expected [Login Successfully] but found [Incorrect email or password.]]]>
            </message>
            <full-stacktrace>
              <![CDATA[java.lang.AssertionError: expected [Login Successfully] but found [Incorrect email or password.]
at org.testng.Assert.fail(Assert.java:111)
at org.testng.Assert.failNotEquals(Assert.java:1590)
at org.testng.Assert.assertEqualsImpl(Assert.java:150)
at org.testng.Assert.assertEquals(Assert.java:132)
at org.testng.Assert.assertEquals(Assert.java:656)
at org.testng.Assert.assertEquals(Assert.java:666)
at AutomationTest.tests.ErrorValicationsTest.loginErrorValidation(ErrorValicationsTest.java:22)
at java.base/jdk.internal.reflect.DirectMethodHandleAccessor.invoke(DirectMethodHandleAccessor.java:103)
at java.base/java.lang.reflect.Method.invoke(Method.java:580)
at org.testng.internal.invokers.MethodInvocationHelper.invokeMethod(MethodInvocationHelper.java:141)
at org.testng.internal.invokers.TestInvoker.invokeMethod(TestInvoker.java:697)
at org.testng.internal.invokers.TestInvoker.retryFailed(TestInvoker.java:280)
at org.testng.internal.invokers.MethodRunner.runInSequence(MethodRunner.java:76)
at org.testng.internal.invokers.TestInvoker$MethodInvocationAgent.invoke(TestInvoker.java:1005)
at org.testng.internal.invokers.TestInvoker.invokeTestMethods(TestInvoker.java:203)
at org.testng.internal.invokers.TestMethodWorker.invokeTestMethods(TestMethodWorker.java:154)
at org.testng.internal.invokers.TestMethodWorker.run(TestMethodWorker.java:134)
at java.base/java.util.ArrayList.forEach(ArrayList.java:1596)
at org.testng.TestRunner.privateRun(TestRunner.java:744)
at org.testng.TestRunner.run(TestRunner.java:616)
at org.testng.SuiteRunner.runTest(SuiteRunner.java:421)
at org.testng.SuiteRunner$SuiteWorker.run(SuiteRunner.java:463)
at org.testng.internal.thread.ThreadUtil.lambda$execute$0(ThreadUtil.java:64)
at java.base/java.util.concurrent.FutureTask.run(FutureTask.java:317)
at java.base/java.util.concurrent.ThreadPoolExecutor.runWorker(ThreadPoolExecutor.java:1144)
at java.base/java.util.concurrent.ThreadPoolExecutor$Worker.run(ThreadPoolExecutor.java:642)
at java.base/java.lang.Thread.run(Thread.java:1583)
]]>
            </full-stacktrace>
          </exception> <!-- java.lang.AssertionError -->
          <reporter-output>
          </reporter-output>
        </test-method> <!-- loginErrorValidation -->
        <test-method is-config="true" signature="tearDown()[pri:0, instance:AutomationTest.tests.ErrorValicationsTest@3fce8fd9]" started-at="2026-04-20T18:34:58 GMT+07:00" name="tearDown" finished-at="2026-04-20T18:34:59 GMT+07:00" duration-ms="953" status="PASS">
          <reporter-output>
          </reporter-output>
        </test-method> <!-- tearDown -->
      </class> <!-- AutomationTest.tests.ErrorValicationsTest -->
    </test> <!-- Error Validations Test -->
    <test started-at="2026-04-20T18:34:35 GMT+07:00" name="Submit Order Test" finished-at="2026-04-20T18:35:05 GMT+07:00" duration-ms="29683">
      <class name="AutomationTest.tests.SubmitOrderTest">
        <test-method is-config="true" signature="launchApplication()[pri:0, instance:AutomationTest.tests.SubmitOrderTest@64b0598]" started-at="2026-04-20T18:34:35 GMT+07:00" name="launchApplication" finished-at="2026-04-20T18:34:44 GMT+07:00" duration-ms="8415" status="PASS">
          <reporter-output>
          </reporter-output>
        </test-method> <!-- launchApplication -->
        <test-method signature="submitOrder(java.util.HashMap)[pri:0, instance:AutomationTest.tests.SubmitOrderTest@64b0598]" started-at="2026-04-20T18:34:44 GMT+07:00" name="submitOrder" data-provider="getData" finished-at="2026-04-20T18:34:48 GMT+07:00" duration-ms="4259" status="PASS">
          <params>
            <param index="0">
              <value>
                <![CDATA[{password=Phamhieu@215, product=ZARA COAT 3, email=hieupham@gmail.com}]]>
              </value>
            </param>
          </params>
          <reporter-output>
          </reporter-output>
        </test-method> <!-- submitOrder -->
        <test-method is-config="true" signature="tearDown()[pri:0, instance:AutomationTest.tests.SubmitOrderTest@64b0598]" started-at="2026-04-20T18:34:48 GMT+07:00" name="tearDown" finished-at="2026-04-20T18:34:49 GMT+07:00" duration-ms="649" status="PASS">
          <reporter-output>
          </reporter-output>
        </test-method> <!-- tearDown -->
        <test-method is-config="true" signature="launchApplication()[pri:0, instance:AutomationTest.tests.SubmitOrderTest@64b0598]" started-at="2026-04-20T18:34:49 GMT+07:00" name="launchApplication" finished-at="2026-04-20T18:34:53 GMT+07:00" duration-ms="4428" status="PASS">
          <reporter-output>
          </reporter-output>
        </test-method> <!-- launchApplication -->
        <test-method signature="submitOrder(java.util.HashMap)[pri:0, instance:AutomationTest.tests.SubmitOrderTest@64b0598]" started-at="2026-04-20T18:34:53 GMT+07:00" name="submitOrder" data-provider="getData" finished-at="2026-04-20T18:34:58 GMT+07:00" duration-ms="4583" status="PASS">
          <params>
            <param index="0">
              <value>
                <![CDATA[{password=Nguyenhieu@215, product=ZARA COAT 3, email=hieunguyen@gmail.com}]]>
              </value>
            </param>
          </params>
          <reporter-output>
          </reporter-output>
        </test-method> <!-- submitOrder -->
        <test-method is-config="true" signature="tearDown()[pri:0, instance:AutomationTest.tests.SubmitOrderTest@64b0598]" started-at="2026-04-20T18:34:58 GMT+07:00" name="tearDown" finished-at="2026-04-20T18:34:58 GMT+07:00" duration-ms="119" status="PASS">
          <reporter-output>
          </reporter-output>
        </test-method> <!-- tearDown -->
        <test-method is-config="true" signature="launchApplication()[pri:0, instance:AutomationTest.tests.SubmitOrderTest@64b0598]" started-at="2026-04-20T18:34:58 GMT+07:00" name="launchApplication" finished-at="2026-04-20T18:35:03 GMT+07:00" duration-ms="5312" status="PASS">
          <reporter-output>
          </reporter-output>
        </test-method> <!-- launchApplication -->
        <test-method signature="OrderHistoryTest()[pri:0, instance:AutomationTest.tests.SubmitOrderTest@64b0598]" started-at="2026-04-20T18:35:03 GMT+07:00" name="OrderHistoryTest" finished-at="2026-04-20T18:35:04 GMT+07:00" depends-on-methods="AutomationTest.tests.SubmitOrderTest.submitOrder" duration-ms="1197" status="PASS">
          <reporter-output>
          </reporter-output>
        </test-method> <!-- OrderHistoryTest -->
        <test-method is-config="true" signature="tearDown()[pri:0, instance:AutomationTest.tests.SubmitOrderTest@64b0598]" started-at="2026-04-20T18:35:04 GMT+07:00" name="tearDown" finished-at="2026-04-20T18:35:05 GMT+07:00" duration-ms="187" status="PASS">
          <reporter-output>
          </reporter-output>
        </test-method> <!-- tearDown -->
      </class> <!-- AutomationTest.tests.SubmitOrderTest -->
    </test> <!-- Submit Order Test -->
  </suite> <!-- Suite -->
</testng-results>
