<?xml version="1.0" encoding="UTF-8"?>
<!-- Generated by org.testng.reporters.JUnitReportReporter -->
<testsuite hostname="Admin-PC" failures="0" tests="3" name="AutomationTest.tests.SubmitOrderTest" time="29.149" errors="0" timestamp="2026-04-20T18:35:05 GMT+07:00" skipped="0">
  <testcase classname="AutomationTest.tests.SubmitOrderTest" name="submitOrder" time="12.861"/>
  <testcase classname="AutomationTest.tests.SubmitOrderTest" name="OrderHistoryTest" time="6.274"/>
  <testcase classname="AutomationTest.tests.SubmitOrderTest" name="submitOrder" time="10.014"/>
</testsuite> <!-- AutomationTest.tests.SubmitOrderTest -->
