<?xml version="1.0" encoding="UTF-8"?>
<!-- Generated by org.testng.reporters.JUnitReportReporter -->
<testsuite hostname="Admin-PC" failures="0" tests="2" name="AutomationTest.tests.SubmitOrderTest" time="18.281" errors="0" timestamp="2026-04-16T16:24:57 GMT+07:00" skipped="0">
  <testcase classname="AutomationTest.tests.SubmitOrderTest" name="submitOrder" time="10.781"/>
  <testcase classname="AutomationTest.tests.SubmitOrderTest" name="submitOrder" time="7.500"/>
</testsuite> <!-- AutomationTest.tests.SubmitOrderTest -->
